2017-02-13 10:16:30  [ main:6 ] - [ ERROR ]  正在匹配：--------------------3451---------------------
2017-02-13 10:17:01  [ main:30499 ] - [ ERROR ]  [ndm.NetworkAnalyse.Match.SolveTimeExceptionPoint(Match.java:711), ndm.NetworkAnalyse.Match.MapMatch(Match.java:359), ndm.NetworkAnalyse.MatchProcess.mapmatching(MatchProcess.java:83), ndm.NetworkAnalyse.MatchProcess.main(MatchProcess.java:32)]
2017-02-13 10:17:01  [ main:30507 ] - [ ERROR ]  匹配结束：------------------3451-----------------------
2017-02-13 10:25:01  [ main:1 ] - [ ERROR ]  正在匹配：--------------------3451---------------------
2017-02-13 10:25:31  [ main:30215 ] - [ ERROR ]  匹配结束：------------------3451-----------------------
2017-02-13 10:27:09  [ main:1 ] - [ ERROR ]  正在匹配：--------------------3452---------------------
2017-02-13 10:27:58  [ main:48487 ] - [ ERROR ]  匹配结束：------------------3452-----------------------
2017-02-13 10:27:58  [ main:48487 ] - [ ERROR ]  正在匹配：--------------------3453---------------------
2017-02-13 10:28:28  [ main:78608 ] - [ ERROR ]  匹配结束：------------------3453-----------------------
2017-02-13 10:28:28  [ main:78608 ] - [ ERROR ]  正在匹配：--------------------3454---------------------
2017-02-13 10:29:30  [ main:141140 ] - [ ERROR ]  匹配结束：------------------3454-----------------------
2017-02-13 10:29:30  [ main:141140 ] - [ ERROR ]  正在匹配：--------------------3455---------------------
2017-02-13 10:30:24  [ main:195017 ] - [ ERROR ]  匹配结束：------------------3455-----------------------
2017-02-13 10:30:24  [ main:195029 ] - [ ERROR ]  正在匹配：--------------------3456---------------------
2017-02-13 10:31:15  [ main:246001 ] - [ ERROR ]  匹配结束：------------------3456-----------------------
2017-02-13 10:31:15  [ main:246006 ] - [ ERROR ]  正在匹配：--------------------3457---------------------
2017-02-13 10:31:38  [ main:268944 ] - [ ERROR ]  匹配结束：------------------3457-----------------------
2017-02-13 10:31:38  [ main:268959 ] - [ ERROR ]  正在匹配：--------------------3458---------------------
2017-02-13 10:31:52  [ main:282860 ] - [ ERROR ]  匹配结束：------------------3458-----------------------
2017-02-13 10:31:52  [ main:282860 ] - [ ERROR ]  正在匹配：--------------------3459---------------------
2017-02-13 10:32:24  [ main:314733 ] - [ ERROR ]  匹配结束：------------------3459-----------------------
2017-02-13 10:32:24  [ main:314733 ] - [ ERROR ]  正在匹配：--------------------3460---------------------
2017-02-13 10:33:25  [ main:375478 ] - [ ERROR ]  匹配结束：------------------3460-----------------------
2017-02-13 10:33:25  [ main:375478 ] - [ ERROR ]  正在匹配：--------------------3461---------------------
2017-02-13 10:33:26  [ main:377233 ] - [ ERROR ]  匹配结束：------------------3461-----------------------
2017-02-13 10:33:26  [ main:377233 ] - [ ERROR ]  正在匹配：--------------------3462---------------------
2017-02-13 10:33:44  [ main:394995 ] - [ ERROR ]  匹配结束：------------------3462-----------------------
2017-02-13 10:33:44  [ main:394995 ] - [ ERROR ]  正在匹配：--------------------3463---------------------
2017-02-13 10:34:21  [ main:431722 ] - [ ERROR ]  匹配结束：------------------3463-----------------------
2017-02-13 10:34:21  [ main:431722 ] - [ ERROR ]  正在匹配：--------------------3464---------------------
2017-02-13 10:35:15  [ main:485758 ] - [ ERROR ]  匹配结束：------------------3464-----------------------
2017-02-13 10:35:15  [ main:485758 ] - [ ERROR ]  正在匹配：--------------------3465---------------------
2017-02-13 10:35:46  [ main:517347 ] - [ ERROR ]  匹配结束：------------------3465-----------------------
2017-02-13 10:35:46  [ main:517347 ] - [ ERROR ]  正在匹配：--------------------3466---------------------
2017-02-13 10:36:33  [ main:563984 ] - [ ERROR ]  [oracle.jdbc.driver.OraclePreparedStatement.executeBatch(OraclePreparedStatement.java:11190), oracle.jdbc.driver.OracleStatementWrapper.executeBatch(OracleStatementWrapper.java:244), ndm.NetworkAnalyse.Match.SolveTimeExceptionPoint(Match.java:852), ndm.NetworkAnalyse.Match.MapMatch(Match.java:359), ndm.NetworkAnalyse.MatchProcess.mapmatching(MatchProcess.java:83), ndm.NetworkAnalyse.MatchProcess.main(MatchProcess.java:32)]
2017-02-13 10:36:33  [ main:563984 ] - [ ERROR ]  匹配结束：------------------3466-----------------------
2017-02-13 10:36:33  [ main:563984 ] - [ ERROR ]  正在匹配：--------------------3467---------------------
2017-02-13 10:37:16  [ main:606768 ] - [ ERROR ]  匹配结束：------------------3467-----------------------
2017-02-13 10:37:16  [ main:606768 ] - [ ERROR ]  正在匹配：--------------------3468---------------------
2017-02-13 10:37:52  [ main:642544 ] - [ ERROR ]  匹配结束：------------------3468-----------------------
2017-02-13 10:37:52  [ main:642544 ] - [ ERROR ]  正在匹配：--------------------3469---------------------
2017-02-13 10:39:00  [ main:710813 ] - [ ERROR ]  匹配结束：------------------3469-----------------------
2017-02-13 10:39:00  [ main:710813 ] - [ ERROR ]  正在匹配：--------------------3470---------------------
2017-02-13 10:39:38  [ main:748917 ] - [ ERROR ]  匹配结束：------------------3470-----------------------
2017-02-13 10:39:38  [ main:748917 ] - [ ERROR ]  正在匹配：--------------------3471---------------------
2017-02-13 10:40:35  [ main:805846 ] - [ ERROR ]  匹配结束：------------------3471-----------------------
2017-02-13 10:40:35  [ main:805847 ] - [ ERROR ]  正在匹配：--------------------3472---------------------
2017-02-13 10:40:40  [ main:810606 ] - [ ERROR ]  匹配结束：------------------3472-----------------------
2017-02-13 10:40:40  [ main:810607 ] - [ ERROR ]  正在匹配：--------------------3473---------------------
2017-02-13 10:40:47  [ main:817554 ] - [ ERROR ]  匹配结束：------------------3473-----------------------
2017-02-13 10:40:47  [ main:817554 ] - [ ERROR ]  正在匹配：--------------------3474---------------------
2017-02-13 10:41:49  [ main:879712 ] - [ ERROR ]  匹配结束：------------------3474-----------------------
2017-02-13 10:41:49  [ main:879712 ] - [ ERROR ]  正在匹配：--------------------3475---------------------
2017-02-13 10:42:38  [ main:929104 ] - [ ERROR ]  匹配结束：------------------3475-----------------------
2017-02-13 10:42:38  [ main:929104 ] - [ ERROR ]  正在匹配：--------------------3476---------------------
2017-02-13 10:43:59  [ main:1009523 ] - [ ERROR ]  匹配结束：------------------3476-----------------------
2017-02-13 10:43:59  [ main:1009524 ] - [ ERROR ]  正在匹配：--------------------3477---------------------
2017-02-13 10:44:23  [ main:1033921 ] - [ ERROR ]  匹配结束：------------------3477-----------------------
2017-02-13 10:44:23  [ main:1033921 ] - [ ERROR ]  正在匹配：--------------------3478---------------------
2017-02-13 10:45:05  [ main:1075514 ] - [ ERROR ]  匹配结束：------------------3478-----------------------
2017-02-13 10:45:05  [ main:1075514 ] - [ ERROR ]  正在匹配：--------------------3479---------------------
2017-02-13 10:46:01  [ main:1132153 ] - [ ERROR ]  匹配结束：------------------3479-----------------------
2017-02-13 10:46:01  [ main:1132153 ] - [ ERROR ]  正在匹配：--------------------3480---------------------
2017-02-13 10:46:03  [ main:1133856 ] - [ ERROR ]  匹配结束：------------------3480-----------------------
2017-02-13 10:46:03  [ main:1133857 ] - [ ERROR ]  正在匹配：--------------------3481---------------------
2017-02-13 10:46:30  [ main:1160518 ] - [ ERROR ]  匹配结束：------------------3481-----------------------
2017-02-13 10:46:30  [ main:1160518 ] - [ ERROR ]  正在匹配：--------------------3482---------------------
2017-02-13 10:46:55  [ main:1186144 ] - [ ERROR ]  [ndm.NetworkAnalyse.Match.SolveTimeExceptionPoint(Match.java:711), ndm.NetworkAnalyse.Match.MapMatch(Match.java:359), ndm.NetworkAnalyse.MatchProcess.mapmatching(MatchProcess.java:83), ndm.NetworkAnalyse.MatchProcess.main(MatchProcess.java:32)]
2017-02-13 10:46:55  [ main:1186145 ] - [ ERROR ]  匹配结束：------------------3482-----------------------
2017-02-13 10:46:55  [ main:1186145 ] - [ ERROR ]  正在匹配：--------------------3483---------------------
2017-02-13 10:46:55  [ main:1186146 ] - [ ERROR ]  这条轨迹匹配出现问题：3483
2017-02-13 10:46:55  [ main:1186147 ] - [ ERROR ]  匹配结束：------------------3483-----------------------
2017-02-13 10:46:55  [ main:1186147 ] - [ ERROR ]  正在匹配：--------------------3484---------------------
2017-02-13 10:46:55  [ main:1186149 ] - [ ERROR ]  这条轨迹匹配出现问题：3484
2017-02-13 10:46:55  [ main:1186149 ] - [ ERROR ]  匹配结束：------------------3484-----------------------
2017-02-13 10:46:55  [ main:1186149 ] - [ ERROR ]  正在匹配：--------------------3485---------------------
2017-02-13 10:46:55  [ main:1186151 ] - [ ERROR ]  这条轨迹匹配出现问题：3485
2017-02-13 10:46:55  [ main:1186152 ] - [ ERROR ]  匹配结束：------------------3485-----------------------
2017-02-13 10:46:55  [ main:1186152 ] - [ ERROR ]  正在匹配：--------------------3486---------------------
2017-02-13 10:46:55  [ main:1186153 ] - [ ERROR ]  这条轨迹匹配出现问题：3486
2017-02-13 10:46:55  [ main:1186153 ] - [ ERROR ]  匹配结束：------------------3486-----------------------
2017-02-13 10:46:55  [ main:1186153 ] - [ ERROR ]  正在匹配：--------------------3487---------------------
2017-02-13 10:46:55  [ main:1186154 ] - [ ERROR ]  这条轨迹匹配出现问题：3487
2017-02-13 10:46:55  [ main:1186154 ] - [ ERROR ]  匹配结束：------------------3487-----------------------
2017-02-13 10:46:55  [ main:1186154 ] - [ ERROR ]  正在匹配：--------------------3488---------------------
2017-02-13 10:46:55  [ main:1186155 ] - [ ERROR ]  这条轨迹匹配出现问题：3488
2017-02-13 10:46:55  [ main:1186156 ] - [ ERROR ]  匹配结束：------------------3488-----------------------
2017-02-13 10:46:55  [ main:1186156 ] - [ ERROR ]  正在匹配：--------------------3489---------------------
2017-02-13 10:46:55  [ main:1186157 ] - [ ERROR ]  这条轨迹匹配出现问题：3489
2017-02-13 10:46:55  [ main:1186157 ] - [ ERROR ]  匹配结束：------------------3489-----------------------
2017-02-13 10:46:55  [ main:1186157 ] - [ ERROR ]  正在匹配：--------------------3490---------------------
2017-02-13 10:46:55  [ main:1186158 ] - [ ERROR ]  这条轨迹匹配出现问题：3490
2017-02-13 10:46:55  [ main:1186159 ] - [ ERROR ]  匹配结束：------------------3490-----------------------
2017-02-13 10:46:55  [ main:1186159 ] - [ ERROR ]  正在匹配：--------------------3491---------------------
2017-02-13 10:46:55  [ main:1186160 ] - [ ERROR ]  这条轨迹匹配出现问题：3491
2017-02-13 10:46:55  [ main:1186160 ] - [ ERROR ]  匹配结束：------------------3491-----------------------
2017-02-13 10:46:55  [ main:1186161 ] - [ ERROR ]  正在匹配：--------------------3492---------------------
2017-02-13 10:46:55  [ main:1186162 ] - [ ERROR ]  这条轨迹匹配出现问题：3492
2017-02-13 10:46:55  [ main:1186162 ] - [ ERROR ]  匹配结束：------------------3492-----------------------
2017-02-13 10:46:55  [ main:1186162 ] - [ ERROR ]  正在匹配：--------------------3493---------------------
2017-02-13 10:46:55  [ main:1186163 ] - [ ERROR ]  这条轨迹匹配出现问题：3493
2017-02-13 10:46:55  [ main:1186164 ] - [ ERROR ]  匹配结束：------------------3493-----------------------
2017-02-13 10:46:55  [ main:1186164 ] - [ ERROR ]  正在匹配：--------------------3494---------------------
2017-02-13 10:46:55  [ main:1186165 ] - [ ERROR ]  这条轨迹匹配出现问题：3494
2017-02-13 10:46:55  [ main:1186165 ] - [ ERROR ]  匹配结束：------------------3494-----------------------
2017-02-13 10:46:55  [ main:1186166 ] - [ ERROR ]  正在匹配：--------------------3495---------------------
2017-02-13 10:46:55  [ main:1186167 ] - [ ERROR ]  这条轨迹匹配出现问题：3495
2017-02-13 10:46:55  [ main:1186167 ] - [ ERROR ]  匹配结束：------------------3495-----------------------
2017-02-13 10:46:55  [ main:1186167 ] - [ ERROR ]  正在匹配：--------------------3496---------------------
2017-02-13 10:46:55  [ main:1186168 ] - [ ERROR ]  这条轨迹匹配出现问题：3496
2017-02-13 10:46:55  [ main:1186168 ] - [ ERROR ]  匹配结束：------------------3496-----------------------
2017-02-13 10:46:55  [ main:1186168 ] - [ ERROR ]  正在匹配：--------------------3497---------------------
2017-02-13 10:46:55  [ main:1186169 ] - [ ERROR ]  这条轨迹匹配出现问题：3497
2017-02-13 10:46:55  [ main:1186169 ] - [ ERROR ]  匹配结束：------------------3497-----------------------
2017-02-13 10:46:55  [ main:1186169 ] - [ ERROR ]  正在匹配：--------------------3498---------------------
2017-02-13 10:46:55  [ main:1186170 ] - [ ERROR ]  这条轨迹匹配出现问题：3498
2017-02-13 10:46:55  [ main:1186171 ] - [ ERROR ]  匹配结束：------------------3498-----------------------
2017-02-13 10:46:55  [ main:1186171 ] - [ ERROR ]  正在匹配：--------------------3499---------------------
2017-02-13 10:46:55  [ main:1186172 ] - [ ERROR ]  这条轨迹匹配出现问题：3499
2017-02-13 10:46:55  [ main:1186173 ] - [ ERROR ]  匹配结束：------------------3499-----------------------
