#
# A fatal error has been detected by the Java Runtime Environment:
#
#  EXCEPTION_ACCESS_VIOLATION (0xc0000005) at pc=0x0000000002cb890e, pid=17248, tid=2204
#
# JRE version: Java(TM) SE Runtime Environment (7.0_45-b18) (build 1.7.0_45-b18)
# Java VM: Java HotSpot(TM) 64-Bit Server VM (24.45-b08 mixed mode windows-amd64 compressed oops)
# Problematic frame:
# J  java.util.Hashtable.get(Ljava/lang/Object;)Ljava/lang/Object;
#
# Failed to write core dump. Minidumps are not enabled by default on client versions of Windows
#
# If you would like to submit a bug report, please visit:
#   http://bugreport.sun.com/bugreport/crash.jsp
#

---------------  T H R E A D  ---------------

Current thread (0x00000000029d2800):  JavaThread "main" [_thread_in_Java, id=2204, stack(0x0000000002800000,0x0000000002900000)]

siginfo: ExceptionCode=0xc0000005, reading address 0x00000003d3717994

Registers:
RAX=0x0000000000008608, RBX=0x0000000000000007, RCX=0x00000000fa6c6e18, RDX=0x000000000000b295
RSP=0x00000000028fee70, RBP=0x00000003d3717988, RSI=0x0000000003c820b8, RDI=0x000000000000bfff
R8 =0x000000074edfbcf8, R9 =0x0000000000000000, R10=0x0000000064862c8d, R11=0x000000007a6e2f31
R12=0x0000000000000000, R13=0x00000000e9dbfb82, R14=0x0000000000000005, R15=0x00000000029d2800
RIP=0x0000000002cb890e, EFLAGS=0x0000000000010202

Top of Stack: (sp=0x00000000028fee70)
0x00000000028fee70:   00000007d39de4c0 20e1450200000016
0x00000000028fee80:   0000000000000007 000000074955ab60
0x00000000028fee90:   00000007d28e55d0 000000074955ab60
0x00000000028feea0:   0000000000000007 00000007d28e56f0
0x00000000028feeb0:   0000000000000001 00000000e929e401
0x00000000028feec0:   000000074edfbcf8 0000000002cdfcb4
0x00000000028feed0:   00000007d28e52b8 0000000002d1eb54
0x00000000028feee0:   00000007d1e8e650 0000000000000028
0x00000000028feef0:   7fefffffffffffff 00000007d28e5480
0x00000000028fef00:   000000074955ab60 00000007d28e54f0
0x00000000028fef10:   00000007d28e5560 7ff0000000000000
0x00000000028fef20:   00000007d28e55d0 00000007494d3bf0
0x00000000028fef30:   00000007d28e4668 00000007d28e5640
0x00000000028fef40:   00000007e92ab56c 40d562c1c781175d
0x00000000028fef50:   000000074edfbc60 0000000f00000010
0x00000000028fef60:   000000074edfbcf8 00000007d39dde00 

Instructions: (pc=0x0000000002cb890e)
0x0000000002cb88ee:   83 fb 05 0f 85 71 01 00 00 33 c0 48 83 c4 50 5d
0x0000000002cb88fe:   85 05 fc 76 73 ff c3 4b 8d 2c dc bb 07 00 00 00
0x0000000002cb890e:   44 8b 4d 0c 45 3b ca 75 5f 44 89 54 24 38 48 89
0x0000000002cb891e:   5c 24 30 4c 89 44 24 28 44 8b 5d 10 49 8b d3 48 


Register to memory mapping:

RAX=0x0000000000008608 is an unknown value
RBX=0x0000000000000007 is an unknown value
RCX=0x00000000fa6c6e18 is an unknown value
RDX=0x000000000000b295 is an unknown value
RSP=0x00000000028fee70 is pointing into the stack for thread: 0x00000000029d2800
RBP=0x00000003d3717988 is an unknown value
RSI=0x0000000003c820b8 is an unknown value
RDI=0x000000000000bfff is an unknown value
R8 =0x000000074edfbcf8 is an oop
oracle.spatial.network.NodeImpl 
 - klass: 'oracle/spatial/network/NodeImpl'
R9 =0x0000000000000000 is an unknown value
R10=0x0000000064862c8d is an unknown value
R11=0x000000007a6e2f31 is an unknown value
R12=0x0000000000000000 is an unknown value
R13=0x00000000e9dbfb82 is an unknown value
R14=0x0000000000000005 is an unknown value
R15=0x00000000029d2800 is a thread


Stack: [0x0000000002800000,0x0000000002900000],  sp=0x00000000028fee70,  free space=1019k
Native frames: (J=compiled Java code, j=interpreted, Vv=VM code, C=native code)
J  java.util.Hashtable.get(Ljava/lang/Object;)Ljava/lang/Object;

[error occurred during error reporting (printing native stack), id 0xc0000005]


---------------  P R O C E S S  ---------------

Java Threads: ( => current thread )
  0x000000000f061800 JavaThread "oracle.jdbc.driver.BlockSource.ThreadedCachingBlockSource.BlockReleaser" daemon [_thread_blocked, id=15588, stack(0x000000000f810000,0x000000000f910000)]
  0x000000000d2d9800 JavaThread "Service Thread" daemon [_thread_blocked, id=10708, stack(0x000000000ea10000,0x000000000eb10000)]
  0x000000000d2d5800 JavaThread "C2 CompilerThread1" daemon [_thread_blocked, id=11024, stack(0x000000000e910000,0x000000000ea10000)]
  0x000000000d2c1000 JavaThread "C2 CompilerThread0" daemon [_thread_blocked, id=14300, stack(0x000000000e810000,0x000000000e910000)]
  0x000000000d2c0000 JavaThread "Attach Listener" daemon [_thread_blocked, id=14732, stack(0x000000000e710000,0x000000000e810000)]
  0x000000000d2bd000 JavaThread "Signal Dispatcher" daemon [_thread_blocked, id=6272, stack(0x000000000e610000,0x000000000e710000)]
  0x000000000d26f000 JavaThread "Finalizer" daemon [_thread_blocked, id=17204, stack(0x000000000e510000,0x000000000e610000)]
  0x000000000d263800 JavaThread "Reference Handler" daemon [_thread_blocked, id=10284, stack(0x000000000e410000,0x000000000e510000)]
=>0x00000000029d2800 JavaThread "main" [_thread_in_Java, id=2204, stack(0x0000000002800000,0x0000000002900000)]

Other Threads:
  0x000000000d262000 VMThread [stack: 0x000000000e310000,0x000000000e410000] [id=10832]
  0x000000000eb20800 WatcherThread [stack: 0x000000000ef10000,0x000000000f010000] [id=14628]

VM state:not at safepoint (normal execution)

VM Mutex/Monitor currently owned by a thread: None

Heap
 PSYoungGen      total 1028608K, used 332353K [0x00000007c0800000, 0x00000007fff80000, 0x0000000800000000)
  eden space 1016832K, 32% used [0x00000007c0800000,0x00000007d45f0768,0x00000007fe900000)
  from space 11776K, 57% used [0x00000007fe900000,0x00000007fefa0000,0x00000007ff480000)
  to   space 11264K, 0% used [0x00000007ff480000,0x00000007ff480000,0x00000007fff80000)
 ParOldGen       total 532992K, used 269740K [0x0000000741800000, 0x0000000762080000, 0x00000007c0800000)
  object space 532992K, 50% used [0x0000000741800000,0x0000000751f6b080,0x0000000762080000)
 PSPermGen       total 31232K, used 15214K [0x000000073c600000, 0x000000073e480000, 0x0000000741800000)
  object space 31232K, 48% used [0x000000073c600000,0x000000073d4dbaf8,0x000000073e480000)

Card table byte_map: [0x0000000005ad0000,0x00000000060f0000] byte_map_base: 0x00000000020ed000

Polling page: 0x00000000023f0000

Code Cache  [0x0000000002ad0000, 0x0000000002f60000, 0x0000000005ad0000)
 total_blobs=1517 nmethods=1091 adapters=378 free_code_cache=44605Kb largest_free_block=45560896

Compilation events (10 events):
Event: 1737.668 Thread 0x000000000d2d5800 1228  s          java.lang.Throwable::getOurStackTrace (80 bytes)
Event: 1737.672 Thread 0x000000000d2d5800 nmethod 1228 0x0000000002e403d0 code [0x0000000002e40540, 0x0000000002e40b18]
Event: 1977.730 Thread 0x000000000d2c1000 1229 % !         ndm.NetworkAnalyse.Match::SolveTimeExceptionPoint @ 57 (2575 bytes)
Event: 1977.983 Thread 0x000000000d2c1000 nmethod 1229% 0x0000000002f37f90 code [0x0000000002f38b00, 0x0000000002f3f118]
Event: 2078.573 Thread 0x000000000d2d5800 1230   !         ndm.NetworkAnalyse.Match::SolveTimeExceptionPoint (2575 bytes)
Event: 2078.872 Thread 0x000000000d2d5800 nmethod 1230 0x0000000002f49c90 code [0x0000000002f4a860, 0x0000000002f51b58]
Event: 2145.855 Thread 0x000000000d2c1000 1231             oracle.jdbc.oracore.OracleTypeNUMBER::cArrayToNUMBERArray (696 bytes)
Event: 2145.858 Thread 0x000000000d2c1000 nmethod 1231 0x0000000002e43990 code [0x0000000002e43b00, 0x0000000002e43e78]
Event: 2488.768 Thread 0x000000000d2d5800 1232             oracle.jdbc.oracore.OracleTypeADT::pickle81rec (279 bytes)
Event: 2488.773 Thread 0x000000000d2d5800 nmethod 1232 0x0000000002e1b610 code [0x0000000002e1b800, 0x0000000002e1be00]

GC Heap History (10 events):
Event: 3903.386 GC heap before
{Heap before GC invocations=1311 (full 4):
 PSYoungGen      total 1025024K, used 1019040K [0x00000007c0800000, 0x00000007ffe80000, 0x0000000800000000)
  eden space 1013248K, 100% used [0x00000007c0800000,0x00000007fe580000,0x00000007fe580000)
  from space 11776K, 49% used [0x00000007ff300000,0x00000007ff8a8000,0x00000007ffe80000)
  to   space 12800K, 0% used [0x00000007fe580000,0x00000007fe580000,0x00000007ff200000)
 ParOldGen       total 532992K, used 268920K [0x0000000741800000, 0x0000000762080000, 0x00000007c0800000)
  object space 532992K, 50% used [0x0000000741800000,0x0000000751e9e070,0x0000000762080000)
 PSPermGen       total 31232K, used 15214K [0x000000073c600000, 0x000000073e480000, 0x0000000741800000)
  object space 31232K, 48% used [0x000000073c600000,0x000000073d4dbaf8,0x000000073e480000)
Event: 3903.394 GC heap after
Heap after GC invocations=1311 (full 4):
 PSYoungGen      total 1026048K, used 6727K [0x00000007c0800000, 0x0000000800000000, 0x0000000800000000)
  eden space 1013248K, 0% used [0x00000007c0800000,0x00000007c0800000,0x00000007fe580000)
  from space 12800K, 52% used [0x00000007fe580000,0x00000007fec11c58,0x00000007ff200000)
  to   space 12288K, 0% used [0x00000007ff400000,0x00000007ff400000,0x0000000800000000)
 ParOldGen       total 532992K, used 268920K [0x0000000741800000, 0x0000000762080000, 0x00000007c0800000)
  object space 532992K, 50% used [0x0000000741800000,0x0000000751e9e070,0x0000000762080000)
 PSPermGen       total 31232K, used 15214K [0x000000073c600000, 0x000000073e480000, 0x0000000741800000)
  object space 31232K, 48% used [0x000000073c600000,0x000000073d4dbaf8,0x000000073e480000)
}
Event: 3906.333 GC heap before
{Heap before GC invocations=1312 (full 4):
 PSYoungGen      total 1026048K, used 1019975K [0x00000007c0800000, 0x0000000800000000, 0x0000000800000000)
  eden space 1013248K, 100% used [0x00000007c0800000,0x00000007fe580000,0x00000007fe580000)
  from space 12800K, 52% used [0x00000007fe580000,0x00000007fec11c58,0x00000007ff200000)
  to   space 12288K, 0% used [0x00000007ff400000,0x00000007ff400000,0x0000000800000000)
 ParOldGen       total 532992K, used 268920K [0x0000000741800000, 0x0000000762080000, 0x00000007c0800000)
  object space 532992K, 50% used [0x0000000741800000,0x0000000751e9e070,0x0000000762080000)
 PSPermGen       total 31232K, used 15214K [0x000000073c600000, 0x000000073e480000, 0x0000000741800000)
  object space 31232K, 48% used [0x000000073c600000,0x000000073d4dbaf8,0x000000073e480000)
Event: 3906.340 GC heap after
Heap after GC invocations=1312 (full 4):
 PSYoungGen      total 1026048K, used 6752K [0x00000007c0800000, 0x00000007ffe80000, 0x0000000800000000)
  eden space 1015296K, 0% used [0x00000007c0800000,0x00000007c0800000,0x00000007fe780000)
  from space 10752K, 62% used [0x00000007ff400000,0x00000007ffa98000,0x00000007ffe80000)
  to   space 11776K, 0% used [0x00000007fe780000,0x00000007fe780000,0x00000007ff300000)
 ParOldGen       total 532992K, used 269056K [0x0000000741800000, 0x0000000762080000, 0x00000007c0800000)
  object space 532992K, 50% used [0x0000000741800000,0x0000000751ec0070,0x0000000762080000)
 PSPermGen       total 31232K, used 15214K [0x000000073c600000, 0x000000073e480000, 0x0000000741800000)
  object space 31232K, 48% used [0x000000073c600000,0x000000073d4dbaf8,0x000000073e480000)
}
Event: 3909.188 GC heap before
{Heap before GC invocations=1313 (full 4):
 PSYoungGen      total 1026048K, used 1022048K [0x00000007c0800000, 0x00000007ffe80000, 0x0000000800000000)
  eden space 1015296K, 100% used [0x00000007c0800000,0x00000007fe780000,0x00000007fe780000)
  from space 10752K, 62% used [0x00000007ff400000,0x00000007ffa98000,0x00000007ffe80000)
  to   space 11776K, 0% used [0x00000007fe780000,0x00000007fe780000,0x00000007ff300000)
 ParOldGen       total 532992K, used 269056K [0x0000000741800000, 0x0000000762080000, 0x00000007c0800000)
  object space 532992K, 50% used [0x0000000741800000,0x0000000751ec0070,0x0000000762080000)
 PSPermGen       total 31232K, used 15214K [0x000000073c600000, 0x000000073e480000, 0x0000000741800000)
  object space 31232K, 48% used [0x000000073c600000,0x000000073d4dbaf8,0x000000073e480000)
Event: 3909.196 GC heap after
Heap after GC invocations=1313 (full 4):
 PSYoungGen      total 1027072K, used 6695K [0x00000007c0800000, 0x0000000800000000, 0x0000000800000000)
  eden space 1015296K, 0% used [0x00000007c0800000,0x00000007c0800000,0x00000007fe780000)
  from space 11776K, 56% used [0x00000007fe780000,0x00000007fee09c58,0x00000007ff300000)
  to   space 11264K, 0% used [0x00000007ff500000,0x00000007ff500000,0x0000000800000000)
 ParOldGen       total 532992K, used 269200K [0x0000000741800000, 0x0000000762080000, 0x00000007c0800000)
  object space 532992K, 50% used [0x0000000741800000,0x0000000751ee4070,0x0000000762080000)
 PSPermGen       total 31232K, used 15214K [0x000000073c600000, 0x000000073e480000, 0x0000000741800000)
  object space 31232K, 48% used [0x000000073c600000,0x000000073d4dbaf8,0x000000073e480000)
}
Event: 3911.743 GC heap before
{Heap before GC invocations=1314 (full 4):
 PSYoungGen      total 1027072K, used 1021991K [0x00000007c0800000, 0x0000000800000000, 0x0000000800000000)
  eden space 1015296K, 100% used [0x00000007c0800000,0x00000007fe780000,0x00000007fe780000)
  from space 11776K, 56% used [0x00000007fe780000,0x00000007fee09c58,0x00000007ff300000)
  to   space 11264K, 0% used [0x00000007ff500000,0x00000007ff500000,0x0000000800000000)
 ParOldGen       total 532992K, used 269200K [0x0000000741800000, 0x0000000762080000, 0x00000007c0800000)
  object space 532992K, 50% used [0x0000000741800000,0x0000000751ee4070,0x0000000762080000)
 PSPermGen       total 31232K, used 15214K [0x000000073c600000, 0x000000073e480000, 0x0000000741800000)
  object space 31232K, 48% used [0x000000073c600000,0x000000073d4dbaf8,0x000000073e480000)
Event: 3911.752 GC heap after
Heap after GC invocations=1314 (full 4):
 PSYoungGen      total 1028096K, used 7911K [0x00000007c0800000, 0x0000000800000000, 0x0000000800000000)
  eden space 1016832K, 0% used [0x00000007c0800000,0x00000007c0800000,0x00000007fe900000)
  from space 11264K, 70% used [0x00000007ff500000,0x00000007ffcb9c88,0x0000000800000000)
  to   space 11776K, 0% used [0x00000007fe900000,0x00000007fe900000,0x00000007ff480000)
 ParOldGen       total 532992K, used 269548K [0x0000000741800000, 0x0000000762080000, 0x00000007c0800000)
  object space 532992K, 50% used [0x0000000741800000,0x0000000751f3b080,0x0000000762080000)
 PSPermGen       total 31232K, used 15214K [0x000000073c600000, 0x000000073e480000, 0x0000000741800000)
  object space 31232K, 48% used [0x000000073c600000,0x000000073d4dbaf8,0x000000073e480000)
}
Event: 3914.822 GC heap before
{Heap before GC invocations=1315 (full 4):
 PSYoungGen      total 1028096K, used 1024743K [0x00000007c0800000, 0x0000000800000000, 0x0000000800000000)
  eden space 1016832K, 100% used [0x00000007c0800000,0x00000007fe900000,0x00000007fe900000)
  from space 11264K, 70% used [0x00000007ff500000,0x00000007ffcb9c88,0x0000000800000000)
  to   space 11776K, 0% used [0x00000007fe900000,0x00000007fe900000,0x00000007ff480000)
 ParOldGen       total 532992K, used 269548K [0x0000000741800000, 0x0000000762080000, 0x00000007c0800000)
  object space 532992K, 50% used [0x0000000741800000,0x0000000751f3b080,0x0000000762080000)
 PSPermGen       total 31232K, used 15214K [0x000000073c600000, 0x000000073e480000, 0x0000000741800000)
  object space 31232K, 48% used [0x000000073c600000,0x000000073d4dbaf8,0x000000073e480000)
Event: 3914.829 GC heap after
Heap after GC invocations=1315 (full 4):
 PSYoungGen      total 1028608K, used 6784K [0x00000007c0800000, 0x00000007fff80000, 0x0000000800000000)
  eden space 1016832K, 0% used [0x00000007c0800000,0x00000007c0800000,0x00000007fe900000)
  from space 11776K, 57% used [0x00000007fe900000,0x00000007fefa0000,0x00000007ff480000)
  to   space 11264K, 0% used [0x00000007ff480000,0x00000007ff480000,0x00000007fff80000)
 ParOldGen       total 532992K, used 269740K [0x0000000741800000, 0x0000000762080000, 0x00000007c0800000)
  object space 532992K, 50% used [0x0000000741800000,0x0000000751f6b080,0x0000000762080000)
 PSPermGen       total 31232K, used 15214K [0x000000073c600000, 0x000000073e480000, 0x0000000741800000)
  object space 31232K, 48% used [0x000000073c600000,0x000000073d4dbaf8,0x000000073e480000)
}

Deoptimization events (10 events):
Event: 534.944 Thread 0x00000000029d2800 Uncommon trap: reason=unreached action=reinterpret pc=0x0000000002c97060 method=oracle.spatial.network.NetworkImpl._getNode(I)Loracle/spatial/network/Node; @ 52
Event: 534.944 Thread 0x00000000029d2800 Uncommon trap: reason=unreached action=reinterpret pc=0x0000000002d5c4d8 method=oracle.spatial.network.Bfs.isReachable(Loracle/spatial/network/Node;Loracle/spatial/network/Node;Loracle/spatial/network/NetworkConstraint;)Z @ 5
Event: 535.277 Thread 0x00000000029d2800 Uncommon trap: reason=bimorphic action=maybe_recompile pc=0x0000000002e98864 method=java.util.AbstractCollection.toArray()[Ljava/lang/Object; @ 22
Event: 599.163 Thread 0x00000000029d2800 Uncommon trap: reason=unreached action=reinterpret pc=0x0000000002e1b304 method=oracle.jdbc.driver.T4CPreparedStatement.doOall8(ZZZZZI)V @ 276
Event: 1685.501 Thread 0x00000000029d2800 Uncommon trap: reason=unloaded action=reinterpret pc=0x0000000002d9bd48 method=oracle.jdbc.driver.SQLStateMapping.newSQLException(Ljava/lang/String;I)Ljava/sql/SQLException; @ 146
Event: 1685.502 Thread 0x00000000029d2800 Uncommon trap: reason=class_check action=maybe_recompile pc=0x0000000002e10b74 method=oracle.jdbc.driver.OraclePreparedStatement.clearBatch()V @ 75
Event: 1685.502 Thread 0x00000000029d2800 Uncommon trap: reason=unreached action=reinterpret pc=0x0000000002c54314 method=java.lang.Throwable.getOurStackTrace()[Ljava/lang/StackTraceElement; @ 7
Event: 1685.503 Thread 0x00000000029d2800 Uncommon trap: reason=unloaded action=reinterpret pc=0x0000000002e85134 method=ndm.NetworkAnalyse.Match.SolveTimeExceptionPoint(Ljava/util/Hashtable;Ljava/util/List;Loracle/spatial/network/Network;)V @ 2568
Event: 2773.383 Thread 0x00000000029d2800 Uncommon trap: reason=class_check action=maybe_recompile pc=0x0000000002e10b74 method=oracle.jdbc.driver.OraclePreparedStatement.clearBatch()V @ 75
Event: 3788.159 Thread 0x00000000029d2800 Uncommon trap: reason=class_check action=maybe_recompile pc=0x0000000002e10b74 method=oracle.jdbc.driver.OraclePreparedStatement.clearBatch()V @ 75

Internal exceptions (10 events):
Event: 60.318 Thread 0x00000000029d2800 Implicit null exception at 0x0000000002cf1f48 to 0x0000000002cf2739
Event: 76.081 Thread 0x00000000029d2800 Threw 0x00000007d15536c0 at C:\re\jdk7u45\229\hotspot\src\share\vm\prims\jvm.cpp:1244
Event: 76.112 Thread 0x00000000029d2800 Implicit null exception at 0x0000000002d3bafa to 0x0000000002d3be85
Event: 76.112 Thread 0x00000000029d2800 Threw 0x00000007d15fd638 at C:\re\jdk7u45\229\hotspot\src\share\vm\prims\jvm.cpp:1244
Event: 76.123 Thread 0x00000000029d2800 Implicit null exception at 0x0000000002d2c096 to 0x0000000002d2c22d
Event: 76.236 Thread 0x00000000029d2800 Implicit null exception at 0x0000000002d5b074 to 0x0000000002d5b145
Event: 117.451 Thread 0x00000000029d2800 Implicit null exception at 0x0000000002d60e8f to 0x0000000002d60f9d
Event: 117.451 Thread 0x00000000029d2800 Implicit null exception at 0x0000000002e6eebc to 0x0000000002e7a089
Event: 534.944 Thread 0x00000000029d2800 Implicit null exception at 0x0000000002d5be91 to 0x0000000002d5c4c5
Event: 599.163 Thread 0x00000000029d2800 Implicit null exception at 0x0000000002e19e20 to 0x0000000002e1b2f1

Events (10 events):
Event: 3903.386 Executing VM operation: ParallelGCFailedAllocation
Event: 3903.394 Executing VM operation: ParallelGCFailedAllocation done
Event: 3906.333 Executing VM operation: ParallelGCFailedAllocation
Event: 3906.340 Executing VM operation: ParallelGCFailedAllocation done
Event: 3909.188 Executing VM operation: ParallelGCFailedAllocation
Event: 3909.196 Executing VM operation: ParallelGCFailedAllocation done
Event: 3911.743 Executing VM operation: ParallelGCFailedAllocation
Event: 3911.752 Executing VM operation: ParallelGCFailedAllocation done
Event: 3914.822 Executing VM operation: ParallelGCFailedAllocation
Event: 3914.829 Executing VM operation: ParallelGCFailedAllocation done


Dynamic libraries:
0x00007ff706dc0000 - 0x00007ff706df3000 	D:\studysoft\myeclipse\binary\com.sun.java.jdk7.win32.x86_64_1.7.0.u45\bin\javaw.exe
0x00007ff9d39a0000 - 0x00007ff9d3b71000 	C:\WINDOWS\SYSTEM32\ntdll.dll
0x00007ff9d1060000 - 0x00007ff9d110b000 	C:\WINDOWS\System32\KERNEL32.DLL
0x00007ff9d0aa0000 - 0x00007ff9d0cbd000 	C:\WINDOWS\System32\KERNELBASE.dll
0x00007ff9d1900000 - 0x00007ff9d19a2000 	C:\WINDOWS\System32\ADVAPI32.dll
0x00007ff9d1250000 - 0x00007ff9d12ee000 	C:\WINDOWS\System32\msvcrt.dll
0x00007ff9d18a0000 - 0x00007ff9d18f9000 	C:\WINDOWS\System32\sechost.dll
0x00007ff9d19b0000 - 0x00007ff9d1ad1000 	C:\WINDOWS\System32\RPCRT4.dll
0x00007ff9d1550000 - 0x00007ff9d16b5000 	C:\WINDOWS\System32\USER32.dll
0x00007ff9d0d10000 - 0x00007ff9d0d2e000 	C:\WINDOWS\System32\win32u.dll
0x00007ff9d14a0000 - 0x00007ff9d14d4000 	C:\WINDOWS\System32\GDI32.dll
0x00007ff9d0d30000 - 0x00007ff9d0eb2000 	C:\WINDOWS\System32\gdi32full.dll
0x00007ff9bf7d0000 - 0x00007ff9bfa49000 	C:\WINDOWS\WinSxS\amd64_microsoft.windows.common-controls_6595b64144ccf1df_6.0.14393.447_none_42191651c6827bb3\COMCTL32.dll
0x00007ff9d1ae0000 - 0x00007ff9d1da7000 	C:\WINDOWS\System32\combase.dll
0x00007ff9d0850000 - 0x00007ff9d0945000 	C:\WINDOWS\System32\ucrtbase.dll
0x00007ff9d0ec0000 - 0x00007ff9d0f2a000 	C:\WINDOWS\System32\bcryptPrimitives.dll
0x00007ff9d2460000 - 0x00007ff9d248e000 	C:\WINDOWS\System32\IMM32.DLL
0x0000000068fc0000 - 0x0000000069092000 	D:\studysoft\myeclipse\binary\com.sun.java.jdk7.win32.x86_64_1.7.0.u45\jre\bin\msvcr100.dll
0x00000000687f0000 - 0x0000000068fb9000 	D:\studysoft\myeclipse\binary\com.sun.java.jdk7.win32.x86_64_1.7.0.u45\jre\bin\server\jvm.dll
0x00007ff9d1050000 - 0x00007ff9d1058000 	C:\WINDOWS\System32\PSAPI.DLL
0x00007ff9cca70000 - 0x00007ff9cca79000 	C:\WINDOWS\SYSTEM32\WSOCK32.dll
0x00007ff9ce340000 - 0x00007ff9ce363000 	C:\WINDOWS\SYSTEM32\WINMM.dll
0x00007ff9d16c0000 - 0x00007ff9d172a000 	C:\WINDOWS\System32\WS2_32.dll
0x0000000002400000 - 0x000000000242b000 	C:\WINDOWS\SYSTEM32\WINMMBASE.dll
0x00007ff9d0cc0000 - 0x00007ff9d0d02000 	C:\WINDOWS\System32\cfgmgr32.dll
0x00000000687e0000 - 0x00000000687ef000 	D:\studysoft\myeclipse\binary\com.sun.java.jdk7.win32.x86_64_1.7.0.u45\jre\bin\verify.dll
0x00000000687b0000 - 0x00000000687d8000 	D:\studysoft\myeclipse\binary\com.sun.java.jdk7.win32.x86_64_1.7.0.u45\jre\bin\java.dll
0x0000000068790000 - 0x00000000687a5000 	D:\studysoft\myeclipse\binary\com.sun.java.jdk7.win32.x86_64_1.7.0.u45\jre\bin\zip.dll
0x0000000068770000 - 0x0000000068789000 	D:\studysoft\myeclipse\binary\com.sun.java.jdk7.win32.x86_64_1.7.0.u45\jre\bin\net.dll
0x00007ff9cf600000 - 0x00007ff9cf65c000 	C:\WINDOWS\system32\mswsock.dll
0x0000000068750000 - 0x0000000068761000 	D:\studysoft\myeclipse\binary\com.sun.java.jdk7.win32.x86_64_1.7.0.u45\jre\bin\nio.dll
0x0000000068710000 - 0x000000006871b000 	D:\studysoft\myeclipse\binary\com.sun.java.jdk7.win32.x86_64_1.7.0.u45\jre\bin\management.dll
0x00007ff9cf3d0000 - 0x00007ff9cf470000 	C:\WINDOWS\SYSTEM32\DNSAPI.dll
0x00007ff9d12f0000 - 0x00007ff9d12f8000 	C:\WINDOWS\System32\NSI.dll
0x00007ff9cf390000 - 0x00007ff9cf3c8000 	C:\WINDOWS\SYSTEM32\IPHLPAPI.DLL
0x0000000069b40000 - 0x0000000069b66000 	C:\Program Files\Bonjour\mdnsNSP.dll
0x00007ff9c06a0000 - 0x00007ff9c06aa000 	C:\Windows\System32\rasadhlp.dll
0x00007ff9c8570000 - 0x00007ff9c85da000 	C:\WINDOWS\System32\fwpuclnt.dll
0x00007ff9cfd40000 - 0x00007ff9cfd6b000 	C:\WINDOWS\SYSTEM32\bcrypt.dll
0x00007ff9cf870000 - 0x00007ff9cf887000 	C:\WINDOWS\SYSTEM32\CRYPTSP.dll
0x00007ff9cf780000 - 0x00007ff9cf7b3000 	C:\WINDOWS\system32\rsaenh.dll
0x00007ff9cf480000 - 0x00007ff9cf49f000 	C:\WINDOWS\SYSTEM32\USERENV.dll
0x00007ff9cfe10000 - 0x00007ff9cfe24000 	C:\WINDOWS\System32\profapi.dll
0x00007ff9cfd30000 - 0x00007ff9cfd3b000 	C:\WINDOWS\SYSTEM32\CRYPTBASE.dll
0x00007ff9bcd40000 - 0x00007ff9bcd56000 	C:\WINDOWS\system32\napinsp.dll
0x00007ff9bccd0000 - 0x00007ff9bccea000 	C:\WINDOWS\system32\pnrpnsp.dll
0x00007ff9cdb90000 - 0x00007ff9cdba8000 	C:\WINDOWS\system32\NLAapi.dll
0x00007ff9bccb0000 - 0x00007ff9bccbe000 	C:\WINDOWS\System32\winrnr.dll

VM Arguments:
jvm_args: -Dfile.encoding=UTF-8 
java_command: ndm.NetworkAnalyse.MatchProcess
Launcher Type: SUN_STANDARD

Environment Variables:
JAVA_HOME=D:\studysoft\java\jdk
CLASSPATH= .;D:\studysoft\java\jdk\lib;D:\studysoft\java\jdk\lib\tools.jar
PATH=D:\app\sys\product\12.1.0\dbhome_1\bin;C:\Program Files (x86)\Intel\iCLS Client\;C:\Program Files\Intel\iCLS Client\;C:\WINDOWS\system32;C:\WINDOWS;C:\WINDOWS\System32\Wbem;C:\WINDOWS\System32\WindowsPowerShell\v1.0\;C:\Program Files (x86)\Intel\Intel(R) Management Engine Components\DAL;C:\Program Files\Intel\Intel(R) Management Engine Components\DAL;C:\Program Files (x86)\Intel\Intel(R) Management Engine Components\IPT;C:\Program Files\Intel\Intel(R) Management Engine Components\IPT;C:\Program Files\Intel\WiFi\bin\;C:\Program Files\Common Files\Intel\WirelessCommon\; D:\studysoft\java\jdk\bin;D:\studysoft\java\jdk\jre\bin;D:\studysoft\mysql-5.6.24\bin;C:\Users\ASUS\AppData\Local\Microsoft\WindowsApps;
USERNAME=xmL
OS=Windows_NT
PROCESSOR_IDENTIFIER=Intel64 Family 6 Model 78 Stepping 3, GenuineIntel



---------------  S Y S T E M  ---------------

OS: Windows 8 , 64 bit Build 9200 

CPU:total 4 (2 cores per cpu, 2 threads per core) family 6 model 78 stepping 3, cmov, cx8, fxsr, mmx, sse, sse2, sse3, ssse3, sse4.1, sse4.2, popcnt, avx, avx2, aes, erms, ht, tsc, tscinvbit

Memory: 4k page, physical 12483900k(5626276k free), swap 13991228k(2953176k free)

vm_info: Java HotSpot(TM) 64-Bit Server VM (24.45-b08) for windows-amd64 JRE (1.7.0_45-b18), built on Oct  8 2013 05:47:22 by "java_re" with unknown MS VC++:1600

time: Fri Dec 02 19:45:23 2016
elapsed time: 3915 seconds

